#
# There is insufficient memory for the Java Runtime Environment to continue.
# Native memory allocation (malloc) failed to allocate 1048576 bytes for AllocateHeap
# Possible reasons:
#   The system is out of physical RAM or swap space
#   In 32 bit mode, the process size limit was hit
# Possible solutions:
#   Reduce memory load on the system
#   Increase physical memory or swap space
#   Check if swap backing store is full
#   Use 64 bit Java on a 64 bit OS
#   Decrease Java heap size (-Xmx/-Xms)
#   Decrease number of Java threads
#   Decrease Java thread stack sizes (-Xss)
#   Set larger code cache with -XX:ReservedCodeCacheSize=
# This output file may be truncated or incomplete.
#
#  Out of Memory Error (memory/allocation.inline.hpp:61), pid=3772, tid=0x0000000000000e2c
#
# JRE version:  (8.0_112-b06) (build )
# Java VM: OpenJDK 64-Bit Server VM (25.112-b06 mixed mode windows-amd64 compressed oops)
# Failed to write core dump. Minidumps are not enabled by default on client versions of Windows
#

---------------  T H R E A D  ---------------

Current thread (0x0000000004990800):  JavaThread "Unknown thread" [_thread_in_vm, id=3628, stack(0x00000000030c0000,0x00000000031c0000)]

Stack: [0x00000000030c0000,0x00000000031c0000]
[error occurred during error reporting (printing stack bounds), id 0xc0000005]

Native frames: (J=compiled Java code, j=interpreted, Vv=VM code, C=native code)


---------------  P R O C E S S  ---------------

Java Threads: ( => current thread )

Other Threads:

=>0x0000000004990800 (exited) JavaThread "Unknown thread" [_thread_in_vm, id=3628, stack(0x00000000030c0000,0x00000000031c0000)]

VM state:not at safepoint (normal execution)

VM Mutex/Monitor currently owned by a thread: None

Heap:
 PSYoungGen      total 38400K, used 665K [0x00000000eab00000, 0x00000000ed580000, 0x0000000100000000)
  eden space 33280K, 2% used [0x00000000eab00000,0x00000000eaba6670,0x00000000ecb80000)
  from space 5120K, 0% used [0x00000000ed080000,0x00000000ed080000,0x00000000ed580000)
  to   space 5120K, 0% used [0x00000000ecb80000,0x00000000ecb80000,0x00000000ed080000)
 ParOldGen       total 87552K, used 0K [0x00000000c0000000, 0x00000000c5580000, 0x00000000eab00000)
  object space 87552K, 0% used [0x00000000c0000000,0x00000000c0000000,0x00000000c5580000)
 Metaspace       used 772K, capacity 4480K, committed 4480K, reserved 1056768K
  class space    used 73K, capacity 384K, committed 384K, reserved 1048576K

Card table byte_map: [0x0000000013e80000,0x0000000014090000] byte_map_base: 0x0000000013880000

Marking Bits: (ParMarkBitMap*) 0x0000000054af18f0
 Begin Bits: [0x00000000145f0000, 0x00000000155f0000)
 End Bits:   [0x00000000155f0000, 0x00000000165f0000)

Polling page: 0x0000000002d30000

CodeCache: size=245760Kb used=328Kb max_used=328Kb free=245431Kb
 bounds [0x0000000004ac0000, 0x0000000004d30000, 0x0000000013ac0000]
 total_blobs=57 nmethods=0 adapters=38
 compilation: enabled

Compilation events (0 events):
No events

GC Heap History (0 events):
No events

Deoptimization events (0 events):
No events

Internal exceptions (0 events):
No events

Events (10 events):
Event: 0.040 loading class java/lang/Short
Event: 0.040 loading class java/lang/Short done
Event: 0.040 loading class java/lang/Integer
Event: 0.040 loading class java/lang/Integer done
Event: 0.040 loading class java/lang/Long
Event: 0.040 loading class java/lang/Long done
Event: 0.042 loading class java/lang/NullPointerException
Event: 0.042 loading class java/lang/NullPointerException done
Event: 0.042 loading class java/lang/ArithmeticException
Event: 0.042 loading class java/lang/ArithmeticException done


Dynamic libraries:
0x00007ff7e03d0000 - 0x00007ff7e0401000 	C:\Program Files\Android\Android Studio\jre\bin\java.exe
0x00007ffd635e0000 - 0x00007ffd637c0000 	C:\WINDOWS\SYSTEM32\ntdll.dll
0x00007ffd61540000 - 0x00007ffd615ee000 	C:\WINDOWS\System32\KERNEL32.DLL
0x00007ffd5fc30000 - 0x00007ffd5fe96000 	C:\WINDOWS\System32\KERNELBASE.dll
0x00007ffd61090000 - 0x00007ffd61131000 	C:\WINDOWS\System32\ADVAPI32.dll
0x00007ffd63480000 - 0x00007ffd6351d000 	C:\WINDOWS\System32\msvcrt.dll
0x00007ffd612f0000 - 0x00007ffd6134b000 	C:\WINDOWS\System32\sechost.dll
0x00007ffd61600000 - 0x00007ffd6171f000 	C:\WINDOWS\System32\RPCRT4.dll
0x00007ffd63280000 - 0x00007ffd6340f000 	C:\WINDOWS\System32\USER32.dll
0x00007ffd60890000 - 0x00007ffd608b0000 	C:\WINDOWS\System32\win32u.dll
0x00007ffd63250000 - 0x00007ffd63278000 	C:\WINDOWS\System32\GDI32.dll
0x00007ffd5f9e0000 - 0x00007ffd5fb73000 	C:\WINDOWS\System32\gdi32full.dll
0x00007ffd608b0000 - 0x00007ffd6094b000 	C:\WINDOWS\System32\msvcp_win.dll
0x00007ffd60950000 - 0x00007ffd60a46000 	C:\WINDOWS\System32\ucrtbase.dll
0x00007ffd54cb0000 - 0x00007ffd54f19000 	C:\WINDOWS\WinSxS\amd64_microsoft.windows.common-controls_6595b64144ccf1df_6.0.16299.309_none_15cfd4c4935e6b11\COMCTL32.dll
0x00007ffd60ca0000 - 0x00007ffd60fa8000 	C:\WINDOWS\System32\combase.dll
0x00007ffd60810000 - 0x00007ffd60882000 	C:\WINDOWS\System32\bcryptPrimitives.dll
0x00007ffd63580000 - 0x00007ffd635ad000 	C:\WINDOWS\System32\IMM32.DLL
0x0000000055080000 - 0x0000000055152000 	C:\Program Files\Android\Android Studio\jre\jre\bin\msvcr100.dll
0x0000000054330000 - 0x0000000054b6c000 	C:\Program Files\Android\Android Studio\jre\jre\bin\server\jvm.dll
0x00007ffd615f0000 - 0x00007ffd615f8000 	C:\WINDOWS\System32\PSAPI.DLL
0x00007ffd504b0000 - 0x00007ffd504b9000 	C:\WINDOWS\SYSTEM32\WSOCK32.dll
0x00007ffd63410000 - 0x00007ffd6347c000 	C:\WINDOWS\System32\WS2_32.dll
0x00007ffd5d8b0000 - 0x00007ffd5d8d3000 	C:\WINDOWS\SYSTEM32\WINMM.dll
0x00007ffd592c0000 - 0x00007ffd592ca000 	C:\WINDOWS\SYSTEM32\VERSION.dll
0x00007ffd5d880000 - 0x00007ffd5d8aa000 	C:\WINDOWS\SYSTEM32\WINMMBASE.dll
0x00007ffd607c0000 - 0x00007ffd6080a000 	C:\WINDOWS\System32\cfgmgr32.dll
0x00007ffd4c4a0000 - 0x00007ffd4c4af000 	C:\Program Files\Android\Android Studio\jre\jre\bin\verify.dll
0x00007ffd49070000 - 0x00007ffd49099000 	C:\Program Files\Android\Android Studio\jre\jre\bin\java.dll
0x00007ffd4a130000 - 0x00007ffd4a146000 	C:\Program Files\Android\Android Studio\jre\jre\bin\zip.dll

VM Arguments:
jvm_args: -Djava.awt.headless=true -Xmx1024M -Dfile.encoding=windows-1252 -Duser.country=IN -Duser.language=en -Duser.variant 
java_command: com.android.dx.command.Main --dex --num-threads=4 --output C:\Users\Shiva\AndroidStudioProjects\android-design-library-master\app\build\intermediates\pre-dexed\debug\com.android.support-recyclerview-v7-23.4.0_5465ca8905264eeb5b1c42cba5b835cc443b451b.jar C:\Users\Shiva\AndroidStudioProjects\android-design-library-master\app\build\intermediates\exploded-aar\com.android.support\recyclerview-v7\23.4.0\jars\classes.jar
java_class_path (initial): C:\Users\Shiva\AppData\Local\Android\sdk\build-tools\23.0.3\lib\dx.jar
Launcher Type: SUN_STANDARD

Environment Variables:
PATH=C:\ProgramData\Oracle\Java\javapath;C:\Program Files (x86)\Intel\iCLS Client\;C:\Program Files\Intel\iCLS Client\;C:\windows\system32;C:\windows;C:\windows\System32\Wbem;C:\windows\System32\WindowsPowerShell\v1.0\;C:\Program Files (x86)\Intel\Intel(R) Management Engine Components\DAL;C:\Program Files\Intel\Intel(R) Management Engine Components\DAL;C:\Program Files (x86)\Intel\Intel(R) Management Engine Components\IPT;C:\Program Files\Intel\Intel(R) Management Engine Components\IPT;C:\Program Files (x86)\NVIDIA Corporation\PhysX\Common;C:\WINDOWS\system32;C:\WINDOWS;C:\WINDOWS\System32\Wbem;C:\WINDOWS\System32\WindowsPowerShell\v1.0\;C:\Program Files\Intel\WiFi\bin\;C:\Program Files\Common Files\Intel\WirelessCommon\;C:\Users\Shiva\AppData\Local\Microsoft\WindowsApps;C:\Users\Shiva\AppData\Local\GitHubDesktop\bin
USERNAME=Shiva
OS=Windows_NT
PROCESSOR_IDENTIFIER=Intel64 Family 6 Model 142 Stepping 9, GenuineIntel



---------------  S Y S T E M  ---------------

OS: Windows 10.0 , 64 bit Build 16299 (10.0.16299.15)

CPU:total 4 (2 cores per cpu, 2 threads per core) family 6 model 142 stepping 9, cmov, cx8, fxsr, mmx, sse, sse2, sse3, ssse3, sse4.1, sse4.2, popcnt, avx, avx2, aes, clmul, erms, 3dnowpref, lzcnt, ht, tsc, tscinvbit, bmi1, bmi2, adx

Memory: 4k page, physical 8271076k(1615828k free), swap 11343076k(5836k free)

vm_info: OpenJDK 64-Bit Server VM (25.112-b06) for windows-amd64 JRE (1.8.0_112-release-b06), built on Dec  8 2016 00:54:26 by "builder" with MS VC++ 10.0 (VS2010)

time: Tue Mar 27 20:55:32 2018
elapsed time: 0 seconds (0d 0h 0m 0s)

